c:\users\000\desktop\지빠귀\sga_diablo\diablo3\dx3d\debug\dx3d.pch
c:\users\000\desktop\지빠귀\sga_diablo\diablo3\dx3d\debug\vc140.pdb
c:\users\000\desktop\지빠귀\sga_diablo\diablo3\dx3d\debug\vc140.idb
c:\users\000\desktop\지빠귀\sga_diablo\diablo3\dx3d\debug\stdafx.obj
c:\users\000\desktop\지빠귀\sga_diablo\diablo3\dx3d\debug\ctrailrenderer.obj
c:\users\000\desktop\지빠귀\sga_diablo\diablo3\dx3d\debug\istate.obj
c:\users\000\desktop\지빠귀\sga_diablo\diablo3\dx3d\debug\cstatemachine.obj
c:\users\000\desktop\지빠귀\sga_diablo\diablo3\dx3d\debug\ctexturemanager.obj
c:\users\000\desktop\지빠귀\sga_diablo\diablo3\dx3d\debug\ctimemanager.obj
c:\users\000\desktop\지빠귀\sga_diablo\diablo3\dx3d\debug\cuibutton.obj
c:\users\000\desktop\지빠귀\sga_diablo\diablo3\dx3d\debug\cuiimage.obj
c:\users\000\desktop\지빠귀\sga_diablo\diablo3\dx3d\debug\cuiitem.obj
c:\users\000\desktop\지빠귀\sga_diablo\diablo3\dx3d\debug\cuiobject.obj
c:\users\000\desktop\지빠귀\sga_diablo\diablo3\dx3d\debug\cuiskill.obj
c:\users\000\desktop\지빠귀\sga_diablo\diablo3\dx3d\debug\cuitext.obj
c:\users\000\desktop\지빠귀\sga_diablo\diablo3\dx3d\debug\cutility.obj
c:\users\000\desktop\지빠귀\sga_diablo\diablo3\dx3d\debug\dx3d.obj
c:\users\000\desktop\지빠귀\sga_diablo\diablo3\dx3d\debug\iai_base.obj
c:\users\000\desktop\지빠귀\sga_diablo\diablo3\dx3d\debug\imap.obj
c:\users\000\desktop\지빠귀\sga_diablo\diablo3\dx3d\debug\myutil.obj
c:\users\000\desktop\지빠귀\sga_diablo\diablo3\dx3d\debug\soundmanager.obj
c:\users\000\desktop\지빠귀\sga_diablo\diablo3\dx3d\debug\czombiedog.obj
c:\users\000\desktop\지빠귀\sga_diablo\diablo3\dx3d\debug\cobb.obj
c:\users\000\desktop\지빠귀\sga_diablo\diablo3\dx3d\debug\cobj.obj
c:\users\000\desktop\지빠귀\sga_diablo\diablo3\dx3d\debug\cobject.obj
c:\users\000\desktop\지빠귀\sga_diablo\diablo3\dx3d\debug\cobjectpool.obj
c:\users\000\desktop\지빠귀\sga_diablo\diablo3\dx3d\debug\cobjloader.obj
c:\users\000\desktop\지빠귀\sga_diablo\diablo3\dx3d\debug\cplayer.obj
c:\users\000\desktop\지빠귀\sga_diablo\diablo3\dx3d\debug\cplayerattackstate.obj
c:\users\000\desktop\지빠귀\sga_diablo\diablo3\dx3d\debug\cplayeridlestate.obj
c:\users\000\desktop\지빠귀\sga_diablo\diablo3\dx3d\debug\cplayermanager.obj
c:\users\000\desktop\지빠귀\sga_diablo\diablo3\dx3d\debug\cplayermovestate.obj
c:\users\000\desktop\지빠귀\sga_diablo\diablo3\dx3d\debug\cplayerwarcrystate.obj
c:\users\000\desktop\지빠귀\sga_diablo\diablo3\dx3d\debug\cpyramid.obj
c:\users\000\desktop\지빠귀\sga_diablo\diablo3\dx3d\debug\cray.obj
c:\users\000\desktop\지빠귀\sga_diablo\diablo3\dx3d\debug\cskeleton.obj
c:\users\000\desktop\지빠귀\sga_diablo\diablo3\dx3d\debug\cskeletonarcher.obj
c:\users\000\desktop\지빠귀\sga_diablo\diablo3\dx3d\debug\cskinnedmesh.obj
c:\users\000\desktop\지빠귀\sga_diablo\diablo3\dx3d\debug\cskinnedmeshmanager.obj
c:\users\000\desktop\지빠귀\sga_diablo\diablo3\dx3d\debug\cstitch.obj
c:\users\000\desktop\지빠귀\sga_diablo\diablo3\dx3d\debug\cdevicemanager.obj
c:\users\000\desktop\지빠귀\sga_diablo\diablo3\dx3d\debug\cfontmanager.obj
c:\users\000\desktop\지빠귀\sga_diablo\diablo3\dx3d\debug\cgamemanager.obj
c:\users\000\desktop\지빠귀\sga_diablo\diablo3\dx3d\debug\cgameobject.obj
c:\users\000\desktop\지빠귀\sga_diablo\diablo3\dx3d\debug\cgrid.obj
c:\users\000\desktop\지빠귀\sga_diablo\diablo3\dx3d\debug\cgroup.obj
c:\users\000\desktop\지빠귀\sga_diablo\diablo3\dx3d\debug\cinventory.obj
c:\users\000\desktop\지빠귀\sga_diablo\diablo3\dx3d\debug\citem.obj
c:\users\000\desktop\지빠귀\sga_diablo\diablo3\dx3d\debug\ckeymanager.obj
c:\users\000\desktop\지빠귀\sga_diablo\diablo3\dx3d\debug\clogmanager.obj
c:\users\000\desktop\지빠귀\sga_diablo\diablo3\dx3d\debug\cmap.obj
c:\users\000\desktop\지빠귀\sga_diablo\diablo3\dx3d\debug\cmonster.obj
c:\users\000\desktop\지빠귀\sga_diablo\diablo3\dx3d\debug\cgameobjectglobalstate.obj
c:\users\000\desktop\지빠귀\sga_diablo\diablo3\dx3d\debug\cmonstermanager.obj
c:\users\000\desktop\지빠귀\sga_diablo\diablo3\dx3d\debug\cmonstertrace.obj
c:\users\000\desktop\지빠귀\sga_diablo\diablo3\dx3d\debug\cmtltex.obj
c:\users\000\desktop\지빠귀\sga_diablo\diablo3\dx3d\debug\cnode.obj
c:\users\000\desktop\지빠귀\sga_diablo\diablo3\dx3d\debug\cactionjump.obj
c:\users\000\desktop\지빠귀\sga_diablo\diablo3\dx3d\debug\cactionmove.obj
c:\users\000\desktop\지빠귀\sga_diablo\diablo3\dx3d\debug\cactiontrace.obj
c:\users\000\desktop\지빠귀\sga_diablo\diablo3\dx3d\debug\caimanager.obj
c:\users\000\desktop\지빠귀\sga_diablo\diablo3\dx3d\debug\callocatehierarchy.obj
c:\users\000\desktop\지빠귀\sga_diablo\diablo3\dx3d\debug\canimation.obj
c:\users\000\desktop\지빠귀\sga_diablo\diablo3\dx3d\debug\carrow.obj
c:\users\000\desktop\지빠귀\sga_diablo\diablo3\dx3d\debug\caseloader.obj
c:\users\000\desktop\지빠귀\sga_diablo\diablo3\dx3d\debug\cautoreleasepool.obj
c:\users\000\desktop\지빠귀\sga_diablo\diablo3\dx3d\debug\cboss.obj
c:\users\000\desktop\지빠귀\sga_diablo\diablo3\dx3d\debug\cboundbox.obj
c:\users\000\desktop\지빠귀\sga_diablo\diablo3\dx3d\debug\ccharcontroller.obj
c:\users\000\desktop\지빠귀\sga_diablo\diablo3\dx3d\debug\ccube.obj
c:\users\000\desktop\지빠귀\sga_diablo\diablo3\dx3d\debug\cfetish.obj
c:\users\000\desktop\지빠귀\sga_diablo\diablo3\dx3d\debug\cgargantuan.obj
c:\users\000\desktop\지빠귀\sga_diablo\diablo3\dx3d\debug\cmessagemanager.obj
c:\users\000\desktop\지빠귀\sga_diablo\diablo3\dx3d\debug\cmonsterattack.obj
c:\users\000\desktop\지빠귀\sga_diablo\diablo3\dx3d\debug\cmonsterdetecting.obj
c:\users\000\desktop\지빠귀\sga_diablo\diablo3\dx3d\debug\caction.obj
c:\users\000\desktop\지빠귀\sga_diablo\diablo3\dx3d\debug\cactionatk.obj
c:\users\000\desktop\지빠귀\sga_diablo\diablo3\dx3d\debug\cactionfalling.obj
c:\users\000\desktop\지빠귀\sga_diablo\diablo3\dx3d\debug\cloadingscene.obj
c:\users\000\desktop\지빠귀\sga_diablo\diablo3\dx3d\debug\cmaingame.obj
c:\users\000\desktop\지빠귀\sga_diablo\diablo3\dx3d\debug\cbossscene.obj
c:\users\000\desktop\지빠귀\sga_diablo\diablo3\dx3d\debug\cgamingscene.obj
c:\users\000\desktop\지빠귀\sga_diablo\diablo3\dx3d\debug\cscenemanager.obj
c:\users\000\desktop\지빠귀\sga_diablo\diablo3\dx3d\debug\csceneobject.obj
c:\users\000\desktop\지빠귀\sga_diablo\diablo3\dx3d\debug\ctestscene.obj
c:\users\000\desktop\지빠귀\sga_diablo\diablo3\debug\dx3d.ilk
c:\users\000\desktop\지빠귀\sga_diablo\diablo3\debug\dx3d.exe
c:\users\000\desktop\지빠귀\sga_diablo\diablo3\debug\dx3d.pdb
c:\users\000\desktop\지빠귀\sga_diablo\diablo3\dx3d\debug\dx3d.res
c:\users\000\desktop\지빠귀\sga_diablo\diablo3\dx3d\debug\cmaingame.obj.enc
c:\users\000\desktop\지빠귀\sga_diablo\diablo3\dx3d\debug\dx3d.tlog\cl.command.1.tlog
c:\users\000\desktop\지빠귀\sga_diablo\diablo3\dx3d\debug\dx3d.tlog\cl.read.1.tlog
c:\users\000\desktop\지빠귀\sga_diablo\diablo3\dx3d\debug\dx3d.tlog\cl.write.1.tlog
c:\users\000\desktop\지빠귀\sga_diablo\diablo3\dx3d\debug\dx3d.tlog\link.command.1.tlog
c:\users\000\desktop\지빠귀\sga_diablo\diablo3\dx3d\debug\dx3d.tlog\link.read.1.tlog
c:\users\000\desktop\지빠귀\sga_diablo\diablo3\dx3d\debug\dx3d.tlog\link.write.1.tlog
c:\users\000\desktop\지빠귀\sga_diablo\diablo3\dx3d\debug\dx3d.tlog\rc.command.1.tlog
c:\users\000\desktop\지빠귀\sga_diablo\diablo3\dx3d\debug\dx3d.tlog\rc.read.1.tlog
c:\users\000\desktop\지빠귀\sga_diablo\diablo3\dx3d\debug\dx3d.tlog\rc.write.1.tlog
